This file contains any messages produced by compilers while
running configure, to aid debugging if configure makes a mistake.

It was created by Check configure 0.9.8, which was
generated by GNU Autoconf 2.71.  Invocation command line was

  $ ./configure --no-create --no-recursion

## --------- ##
## Platform. ##
## --------- ##

hostname = wanda1
uname -m = x86_64
uname -r = 6.8.0-58-generic
uname -s = Linux
uname -v = #60-Ubuntu SMP PREEMPT_DYNAMIC Fri Mar 14 18:29:48 UTC 2025

/usr/bin/uname -p = x86_64
/bin/uname -X     = unknown

/bin/arch              = x86_64
/usr/bin/arch -k       = unknown
/usr/convex/getsysinfo = unknown
/usr/bin/hostinfo      = unknown
/bin/machine           = unknown
/usr/bin/oslevel       = unknown
/bin/universe          = unknown

PATH: /home/lyuze/.vscode-server/cli/servers/Stable-17baf841131aa23349f217ca7c570c76ee87b957/server/bin/remote-cli/
PATH: /usr/local/sbin/
PATH: /usr/local/bin/
PATH: /usr/sbin/
PATH: /usr/bin/
PATH: /sbin/
PATH: /bin/
PATH: /home/lyuze/workspace/cpu2017/bin/
PATH: /home/lyuze/workspace/ispc/build/bin/
PATH: /home/lyuze/llvm_build/bin-18.1/bin/
PATH: /home/lyuze/llvm_build/build-18.1/bin/
PATH: /home/lyuze/workspace/pmu-tools/
PATH: /home/lyuze/workspace/hash-table-aggregation-benchmark/build/src/
PATH: /home/lyuze/.local/bin/


## ----------- ##
## Core tests. ##
## ----------- ##

configure:2838: looking for aux files: config.guess config.sub ltmain.sh compile missing install-sh
configure:2851:  trying ./build-aux/
configure:2880:   ./build-aux/config.guess found
configure:2880:   ./build-aux/config.sub found
configure:2880:   ./build-aux/ltmain.sh found
configure:2880:   ./build-aux/compile found
configure:2880:   ./build-aux/missing found
configure:2862:   ./build-aux/install-sh found
configure:3071: checking for gcc
configure:3092: found /usr/bin/gcc
configure:3103: result: gcc
configure:3456: checking for C compiler version
configure:3465: gcc --version >&5
gcc (Ubuntu 9.5.0-6ubuntu2) 9.5.0
Copyright (C) 2019 Free Software Foundation, Inc.
This is free software; see the source for copying conditions.  There is NO
warranty; not even for MERCHANTABILITY or FITNESS FOR A PARTICULAR PURPOSE.

configure:3476: $? = 0
configure:3465: gcc -v >&5
Using built-in specs.
COLLECT_GCC=gcc
COLLECT_LTO_WRAPPER=/usr/lib/gcc/x86_64-linux-gnu/9/lto-wrapper
OFFLOAD_TARGET_NAMES=nvptx-none:hsa
OFFLOAD_TARGET_DEFAULT=1
Target: x86_64-linux-gnu
Configured with: ../src/configure -v --with-pkgversion='Ubuntu 9.5.0-6ubuntu2' --with-bugurl=file:///usr/share/doc/gcc-9/README.Bugs --enable-languages=c,ada,c++,go,brig,d,fortran,objc,obj-c++,gm2 --prefix=/usr --with-gcc-major-version-only --program-suffix=-9 --program-prefix=x86_64-linux-gnu- --enable-shared --enable-linker-build-id --libexecdir=/usr/lib --without-included-gettext --enable-threads=posix --libdir=/usr/lib --enable-nls --enable-bootstrap --enable-clocale=gnu --enable-libstdcxx-debug --enable-libstdcxx-time=yes --with-default-libstdcxx-abi=new --enable-gnu-unique-object --disable-vtable-verify --enable-plugin --enable-default-pie --with-system-zlib --with-target-system-zlib=auto --enable-objc-gc=auto --enable-multiarch --disable-werror --with-arch-32=i686 --with-abi=m64 --with-multilib-list=m32,m64,mx32 --enable-multilib --with-tune=generic --enable-offload-targets=nvptx-none=/build/gcc-9-xyHAOX/gcc-9-9.5.0/debian/tmp-nvptx/usr,hsa --without-cuda-driver --enable-checking=release --build=x86_64-linux-gnu --host=x86_64-linux-gnu --target=x86_64-linux-gnu --with-build-config=bootstrap-lto-lean --enable-link-mutex
Thread model: posix
gcc version 9.5.0 (Ubuntu 9.5.0-6ubuntu2) 
configure:3476: $? = 0
configure:3465: gcc -V >&5
gcc: error: unrecognized command line option '-V'
gcc: fatal error: no input files
compilation terminated.
configure:3476: $? = 1
configure:3465: gcc -qversion >&5
gcc: error: unrecognized command line option '-qversion'; did you mean '--version'?
gcc: fatal error: no input files
compilation terminated.
configure:3476: $? = 1
configure:3465: gcc -version >&5
gcc: error: unrecognized command line option '-version'
gcc: fatal error: no input files
compilation terminated.
configure:3476: $? = 1
configure:3496: checking whether the C compiler works
configure:3518: gcc    conftest.c  >&5
configure:3522: $? = 0
configure:3572: result: yes
configure:3575: checking for C compiler default output file name
configure:3577: result: a.out
configure:3583: checking for suffix of executables
configure:3590: gcc -o conftest    conftest.c  >&5
configure:3594: $? = 0
configure:3617: result: 
configure:3639: checking whether we are cross compiling
configure:3647: gcc -o conftest    conftest.c  >&5
configure:3651: $? = 0
configure:3658: ./conftest
configure:3662: $? = 0
configure:3677: result: no
configure:3682: checking for suffix of object files
configure:3705: gcc -c   conftest.c >&5
configure:3709: $? = 0
configure:3731: result: o
configure:3735: checking whether the compiler supports GNU C
configure:3755: gcc -c   conftest.c >&5
configure:3755: $? = 0
configure:3765: result: yes
configure:3776: checking whether gcc accepts -g
configure:3797: gcc -c -g  conftest.c >&5
configure:3797: $? = 0
configure:3841: result: yes
configure:3861: checking for gcc option to enable C11 features
configure:3876: gcc  -c -g -O2  conftest.c >&5
configure:3876: $? = 0
configure:3894: result: none needed
configure:4009: checking for stdio.h
configure:4009: gcc -c -g -O2  conftest.c >&5
configure:4009: $? = 0
configure:4009: result: yes
configure:4009: checking for stdlib.h
configure:4009: gcc -c -g -O2  conftest.c >&5
configure:4009: $? = 0
configure:4009: result: yes
configure:4009: checking for string.h
configure:4009: gcc -c -g -O2  conftest.c >&5
configure:4009: $? = 0
configure:4009: result: yes
configure:4009: checking for inttypes.h
configure:4009: gcc -c -g -O2  conftest.c >&5
configure:4009: $? = 0
configure:4009: result: yes
configure:4009: checking for stdint.h
configure:4009: gcc -c -g -O2  conftest.c >&5
configure:4009: $? = 0
configure:4009: result: yes
configure:4009: checking for strings.h
configure:4009: gcc -c -g -O2  conftest.c >&5
configure:4009: $? = 0
configure:4009: result: yes
configure:4009: checking for sys/stat.h
configure:4009: gcc -c -g -O2  conftest.c >&5
configure:4009: $? = 0
configure:4009: result: yes
configure:4009: checking for sys/types.h
configure:4009: gcc -c -g -O2  conftest.c >&5
configure:4009: $? = 0
configure:4009: result: yes
configure:4009: checking for unistd.h
configure:4009: gcc -c -g -O2  conftest.c >&5
configure:4009: $? = 0
configure:4009: result: yes
configure:4009: checking for wchar.h
configure:4009: gcc -c -g -O2  conftest.c >&5
configure:4009: $? = 0
configure:4009: result: yes
configure:4009: checking for minix/config.h
configure:4009: gcc -c -g -O2  conftest.c >&5
conftest.c:47:10: fatal error: minix/config.h: No such file or directory
   47 | #include <minix/config.h>
      |          ^~~~~~~~~~~~~~~~
compilation terminated.
configure:4009: $? = 1
configure: failed program was:
| /* confdefs.h */
| #define PACKAGE_NAME "Check"
| #define PACKAGE_TARNAME "check"
| #define PACKAGE_VERSION "0.9.8"
| #define PACKAGE_STRING "Check 0.9.8"
| #define PACKAGE_BUGREPORT "check-devel at lists dot sourceforge dot net"
| #define PACKAGE_URL ""
| #define HAVE_STDIO_H 1
| #define HAVE_STDLIB_H 1
| #define HAVE_STRING_H 1
| #define HAVE_INTTYPES_H 1
| #define HAVE_STDINT_H 1
| #define HAVE_STRINGS_H 1
| #define HAVE_SYS_STAT_H 1
| #define HAVE_SYS_TYPES_H 1
| #define HAVE_UNISTD_H 1
| #define HAVE_WCHAR_H 1
| /* end confdefs.h.  */
| #include <stddef.h>
| #ifdef HAVE_STDIO_H
| # include <stdio.h>
| #endif
| #ifdef HAVE_STDLIB_H
| # include <stdlib.h>
| #endif
| #ifdef HAVE_STRING_H
| # include <string.h>
| #endif
| #ifdef HAVE_INTTYPES_H
| # include <inttypes.h>
| #endif
| #ifdef HAVE_STDINT_H
| # include <stdint.h>
| #endif
| #ifdef HAVE_STRINGS_H
| # include <strings.h>
| #endif
| #ifdef HAVE_SYS_TYPES_H
| # include <sys/types.h>
| #endif
| #ifdef HAVE_SYS_STAT_H
| # include <sys/stat.h>
| #endif
| #ifdef HAVE_UNISTD_H
| # include <unistd.h>
| #endif
| #include <minix/config.h>
configure:4009: result: no
configure:4009: checking for sys/time.h
configure:4009: gcc -c -g -O2  conftest.c >&5
configure:4009: $? = 0
configure:4009: result: yes
configure:4040: checking whether it is safe to define __EXTENSIONS__
configure:4059: gcc -c -g -O2  conftest.c >&5
configure:4059: $? = 0
configure:4067: result: yes
configure:4070: checking whether _XOPEN_SOURCE should be defined
configure:4092: gcc -c -g -O2  conftest.c >&5
configure:4092: $? = 0
configure:4119: result: no
configure:4195: checking for a BSD-compatible install
configure:4268: result: /usr/bin/install -c
configure:4279: checking whether build environment is sane
configure:4316: result: yes
configure:4343: checking for a race-free mkdir -p
configure:4387: result: /usr/bin/mkdir -p
configure:4400: checking for gawk
configure:4421: found /usr/bin/gawk
configure:4432: result: gawk
configure:4443: checking whether make sets $(MAKE)
configure:4466: result: yes
configure:4496: checking for style of include used by make
configure:4524: result: GNU
configure:4718: checking dependency style of gcc
configure:4810: result: gcc3
configure:4920: checking for gawk
configure:4952: result: gawk
configure:5016: checking for gcc
configure:5048: result: gcc
configure:5401: checking for C compiler version
configure:5410: gcc --version >&5
gcc (Ubuntu 9.5.0-6ubuntu2) 9.5.0
Copyright (C) 2019 Free Software Foundation, Inc.
This is free software; see the source for copying conditions.  There is NO
warranty; not even for MERCHANTABILITY or FITNESS FOR A PARTICULAR PURPOSE.

configure:5421: $? = 0
configure:5410: gcc -v >&5
Using built-in specs.
COLLECT_GCC=gcc
COLLECT_LTO_WRAPPER=/usr/lib/gcc/x86_64-linux-gnu/9/lto-wrapper
OFFLOAD_TARGET_NAMES=nvptx-none:hsa
OFFLOAD_TARGET_DEFAULT=1
Target: x86_64-linux-gnu
Configured with: ../src/configure -v --with-pkgversion='Ubuntu 9.5.0-6ubuntu2' --with-bugurl=file:///usr/share/doc/gcc-9/README.Bugs --enable-languages=c,ada,c++,go,brig,d,fortran,objc,obj-c++,gm2 --prefix=/usr --with-gcc-major-version-only --program-suffix=-9 --program-prefix=x86_64-linux-gnu- --enable-shared --enable-linker-build-id --libexecdir=/usr/lib --without-included-gettext --enable-threads=posix --libdir=/usr/lib --enable-nls --enable-bootstrap --enable-clocale=gnu --enable-libstdcxx-debug --enable-libstdcxx-time=yes --with-default-libstdcxx-abi=new --enable-gnu-unique-object --disable-vtable-verify --enable-plugin --enable-default-pie --with-system-zlib --with-target-system-zlib=auto --enable-objc-gc=auto --enable-multiarch --disable-werror --with-arch-32=i686 --with-abi=m64 --with-multilib-list=m32,m64,mx32 --enable-multilib --with-tune=generic --enable-offload-targets=nvptx-none=/build/gcc-9-xyHAOX/gcc-9-9.5.0/debian/tmp-nvptx/usr,hsa --without-cuda-driver --enable-checking=release --build=x86_64-linux-gnu --host=x86_64-linux-gnu --target=x86_64-linux-gnu --with-build-config=bootstrap-lto-lean --enable-link-mutex
Thread model: posix
gcc version 9.5.0 (Ubuntu 9.5.0-6ubuntu2) 
configure:5421: $? = 0
configure:5410: gcc -V >&5
gcc: error: unrecognized command line option '-V'
gcc: fatal error: no input files
compilation terminated.
configure:5421: $? = 1
configure:5410: gcc -qversion >&5
gcc: error: unrecognized command line option '-qversion'; did you mean '--version'?
gcc: fatal error: no input files
compilation terminated.
configure:5421: $? = 1
configure:5410: gcc -version >&5
gcc: error: unrecognized command line option '-version'
gcc: fatal error: no input files
compilation terminated.
configure:5421: $? = 1
configure:5425: checking whether the compiler supports GNU C
configure:5455: result: yes
configure:5466: checking whether gcc accepts -g
configure:5531: result: yes
configure:5551: checking for gcc option to enable C11 features
configure:5584: result: none needed
configure:5696: checking whether gcc and cc understand -c and -o together
configure:5728: gcc -c conftest.c -o conftest2.o >&5
configure:5732: $? = 0
configure:5738: gcc -c conftest.c -o conftest2.o >&5
configure:5742: $? = 0
configure:5753: cc -c conftest.c >&5
configure:5757: $? = 0
configure:5765: cc -c conftest.c -o conftest2.o >&5
configure:5769: $? = 0
configure:5775: cc -c conftest.c -o conftest2.o >&5
configure:5779: $? = 0
configure:5797: result: yes
configure:5824: checking whether ln -s works
configure:5828: result: yes
configure:5867: checking build system type
configure:5882: result: x86_64-unknown-linux-gnu
configure:5902: checking host system type
configure:5916: result: x86_64-unknown-linux-gnu
configure:5936: checking for a sed that does not truncate output
configure:6006: result: /usr/bin/sed
configure:6024: checking for grep that handles long lines and -e
configure:6088: result: /usr/bin/grep
configure:6093: checking for egrep
configure:6161: result: /usr/bin/grep -E
configure:6166: checking for fgrep
configure:6234: result: /usr/bin/grep -F
configure:6270: checking for ld used by gcc
configure:6338: result: /usr/bin/ld
configure:6345: checking if the linker (/usr/bin/ld) is GNU ld
configure:6361: result: yes
configure:6373: checking for BSD- or MS-compatible name lister (nm)
configure:6423: result: /usr/bin/nm -B
configure:6551: checking the name lister (/usr/bin/nm -B) interface
configure:6559: gcc -c -g -O2  conftest.c >&5
configure:6562: /usr/bin/nm -B "conftest.o"
configure:6565: output
0000000000000000 B some_variable
configure:6572: result: BSD nm
configure:6576: checking the maximum length of command line arguments
configure:6697: result: 1572864
configure:6714: checking whether the shell understands some XSI constructs
configure:6724: result: yes
configure:6728: checking whether the shell understands "+="
configure:6734: result: yes
configure:6769: checking for /usr/bin/ld option to reload object files
configure:6777: result: -r
configure:6851: checking for objdump
configure:6872: found /usr/bin/objdump
configure:6883: result: objdump
configure:6915: checking how to recognize dependent libraries
configure:7112: result: pass_all
configure:7177: checking for ar
configure:7198: found /usr/bin/ar
configure:7209: result: ar
configure:7292: checking for strip
configure:7313: found /usr/bin/strip
configure:7324: result: strip
configure:7401: checking for ranlib
configure:7422: found /usr/bin/ranlib
configure:7433: result: ranlib
configure:7523: checking command to parse /usr/bin/nm -B output from gcc object
configure:7642: gcc -c -g -O2  conftest.c >&5
configure:7645: $? = 0
configure:7649: /usr/bin/nm -B conftest.o \| sed -n -e 's/^.*[	 ]\([ABCDGIRSTW][ABCDGIRSTW]*\)[	 ][	 ]*\([_A-Za-z][_A-Za-z0-9]*\)$/\1 \2 \2/p' \> conftest.nm
configure:7652: $? = 0
configure:7706: gcc -o conftest -g -O2   conftest.c conftstm.o >&5
configure:7709: $? = 0
configure:7747: result: ok
configure:7843: gcc -c -g -O2  conftest.c >&5
configure:7846: $? = 0
configure:8606: checking for dlfcn.h
configure:8606: gcc -c -g -O2  conftest.c >&5
configure:8606: $? = 0
configure:8606: result: yes
configure:8791: checking for objdir
configure:8807: result: .libs
configure:9103: checking if gcc supports -fno-rtti -fno-exceptions
configure:9122: gcc -c -g -O2  -fno-rtti -fno-exceptions conftest.c >&5
cc1: warning: command line option '-fno-rtti' is valid for C++/D/ObjC++ but not for C
configure:9126: $? = 0
configure:9139: result: no
configure:9159: checking for gcc option to produce PIC
configure:9431: result: -fPIC -DPIC
configure:9443: checking if gcc PIC flag -fPIC -DPIC works
configure:9462: gcc -c -g -O2  -fPIC -DPIC -DPIC conftest.c >&5
configure:9466: $? = 0
configure:9479: result: yes
configure:9503: checking if gcc static flag -static works
configure:9532: result: yes
configure:9547: checking if gcc supports -c -o file.o
configure:9569: gcc -c -g -O2  -o out/conftest2.o conftest.c >&5
configure:9573: $? = 0
configure:9595: result: yes
configure:9603: checking if gcc supports -c -o file.o
configure:9651: result: yes
configure:9684: checking whether the gcc linker (/usr/bin/ld -m elf_x86_64) supports shared libraries
configure:10674: result: yes
configure:10711: checking whether -lc should be explicitly linked in
configure:10716: gcc -c -g -O2  conftest.c >&5
configure:10719: $? = 0
configure:10734: gcc -shared conftest.o  -v -Wl,-soname -Wl,conftest -o conftest 2\>\&1 \| /usr/bin/grep  -lc  \>/dev/null 2\>\&1
configure:10737: $? = 0
configure:10749: result: no
configure:10913: checking dynamic linker characteristics
configure:11346: gcc -o conftest -g -O2   -Wl,-rpath -Wl,/foo conftest.c  >&5
configure:11346: $? = 0
configure:11578: result: GNU/Linux ld.so
configure:11680: checking how to hardcode library paths into programs
configure:11705: result: immediate
configure:12229: checking whether stripping libraries is possible
configure:12234: result: yes
configure:12269: checking if libtool supports shared libraries
configure:12271: result: yes
configure:12274: checking whether to build shared libraries
configure:12295: result: yes
configure:12298: checking whether to build static libraries
configure:12302: result: yes
configure:12340: checking CFLAGS for maximum ansi warnings
configure:12373: gcc -c -g -O2 -pedantic  -Wall -ansi -pedantic  conftest.c >&5
configure:12373: $? = 0
configure:12388: result: -Wall -ansi -pedantic
configure:12401: : CFLAGS="$CFLAGS $ac_cv_cflags_warn_all_ansi"
configure:12404: $? = 0
configure:12418: checking whether the C compiler accepts the -Wextra flag
configure:12448: gcc -c -g -O2 -Wall -ansi -pedantic -Wextra  conftest.c >&5
configure:12448: $? = 0
configure:12472: result: yes
configure:12495: checking whether the C compiler accepts the -Wstrict-prototypes flag
configure:12525: gcc -c -g -O2 -Wall -ansi -pedantic -Wextra -Wstrict-prototypes  conftest.c >&5
configure:12525: $? = 0
configure:12549: result: yes
configure:12572: checking whether the C compiler accepts the -Wmissing-prototypes flag
configure:12602: gcc -c -g -O2 -Wall -ansi -pedantic -Wextra -Wstrict-prototypes -Wmissing-prototypes  conftest.c >&5
configure:12602: $? = 0
configure:12626: result: yes
configure:12649: checking whether the C compiler accepts the -Wwrite-strings flag
configure:12679: gcc -c -g -O2 -Wall -ansi -pedantic -Wextra -Wstrict-prototypes -Wmissing-prototypes -Wwrite-strings  conftest.c >&5
configure:12679: $? = 0
configure:12703: result: yes
configure:12726: checking whether the C compiler accepts the -Wno-variadic-macros flag
configure:12756: gcc -c -g -O2 -Wall -ansi -pedantic -Wextra -Wstrict-prototypes -Wmissing-prototypes -Wwrite-strings -Wno-variadic-macros  conftest.c >&5
configure:12756: $? = 0
configure:12780: result: yes
configure:12801: checking for gcov
configure:12822: found /usr/bin/gcov
configure:12833: result: gcov
configure:12849: checking for lcov
configure:12884: result: no
configure:12897: checking for genhtml
configure:12932: result: no
configure:12945: checking for tex
configure:12980: result: no
configure:12993: WARNING: tex not installed: cannot rebuild HTML documentation.
configure:13003: checking for egrep
configure:13071: result: /usr/bin/grep -E
configure:13077: checking for sys/wait.h that is POSIX.1 compatible
configure:13104: gcc -c -g -O2 -Wall -ansi -pedantic -Wextra -Wstrict-prototypes -Wmissing-prototypes -Wwrite-strings -Wno-variadic-macros  conftest.c >&5
configure:13104: $? = 0
configure:13112: result: yes
configure:13120: checking for fcntl.h
configure:13120: gcc -c -g -O2 -Wall -ansi -pedantic -Wextra -Wstrict-prototypes -Wmissing-prototypes -Wwrite-strings -Wno-variadic-macros  conftest.c >&5
configure:13120: $? = 0
configure:13120: result: yes
configure:13126: checking for stddef.h
configure:13126: gcc -c -g -O2 -Wall -ansi -pedantic -Wextra -Wstrict-prototypes -Wmissing-prototypes -Wwrite-strings -Wno-variadic-macros  conftest.c >&5
configure:13126: $? = 0
configure:13126: result: yes
configure:13132: checking for stdint.h
configure:13132: result: yes
configure:13138: checking for stdlib.h
configure:13138: result: yes
configure:13144: checking for string.h
configure:13144: result: yes
configure:13150: checking for sys/time.h
configure:13150: result: yes
configure:13156: checking for unistd.h
configure:13156: result: yes
configure:13165: checking for subunit_test_start in -lsubunit
configure:13188: gcc -o conftest -g -O2 -Wall -ansi -pedantic -Wextra -Wstrict-prototypes -Wmissing-prototypes -Wwrite-strings -Wno-variadic-macros   conftest.c -lsubunit   >&5
conftest.c:53:1: warning: function declaration isn't a prototype [-Wstrict-prototypes]
   53 | char subunit_test_start ();
      | ^~~~
/usr/bin/ld: cannot find -lsubunit: No such file or directory
collect2: error: ld returned 1 exit status
configure:13188: $? = 1
configure: failed program was:
| /* confdefs.h */
| #define PACKAGE_NAME "Check"
| #define PACKAGE_TARNAME "check"
| #define PACKAGE_VERSION "0.9.8"
| #define PACKAGE_STRING "Check 0.9.8"
| #define PACKAGE_BUGREPORT "check-devel at lists dot sourceforge dot net"
| #define PACKAGE_URL ""
| #define HAVE_STDIO_H 1
| #define HAVE_STDLIB_H 1
| #define HAVE_STRING_H 1
| #define HAVE_INTTYPES_H 1
| #define HAVE_STDINT_H 1
| #define HAVE_STRINGS_H 1
| #define HAVE_SYS_STAT_H 1
| #define HAVE_SYS_TYPES_H 1
| #define HAVE_UNISTD_H 1
| #define HAVE_WCHAR_H 1
| #define HAVE_SYS_TIME_H 1
| #define STDC_HEADERS 1
| #define _ALL_SOURCE 1
| #define _DARWIN_C_SOURCE 1
| #define _GNU_SOURCE 1
| #define _HPUX_ALT_XOPEN_SOCKET_API 1
| #define _NETBSD_SOURCE 1
| #define _OPENBSD_SOURCE 1
| #define _POSIX_PTHREAD_SEMANTICS 1
| #define __STDC_WANT_IEC_60559_ATTRIBS_EXT__ 1
| #define __STDC_WANT_IEC_60559_BFP_EXT__ 1
| #define __STDC_WANT_IEC_60559_DFP_EXT__ 1
| #define __STDC_WANT_IEC_60559_FUNCS_EXT__ 1
| #define __STDC_WANT_IEC_60559_TYPES_EXT__ 1
| #define __STDC_WANT_LIB_EXT2__ 1
| #define __STDC_WANT_MATH_SPEC_FUNCS__ 1
| #define _TANDEM_SOURCE 1
| #define __EXTENSIONS__ 1
| #define PACKAGE "check"
| #define VERSION "0.9.8"
| #define HAVE_DLFCN_H 1
| #define LT_OBJDIR ".libs/"
| #define HAVE_SYS_WAIT_H 1
| #define HAVE_FCNTL_H 1
| #define HAVE_STDDEF_H 1
| #define HAVE_STDINT_H 1
| #define HAVE_STDLIB_H 1
| #define HAVE_STRING_H 1
| #define HAVE_SYS_TIME_H 1
| #define HAVE_UNISTD_H 1
| /* end confdefs.h.  */
| 
| /* Override any GCC internal prototype to avoid an error.
|    Use char because int might match the return type of a GCC
|    builtin and then its argument prototype would still apply.  */
| char subunit_test_start ();
| int
| main (void)
| {
| return subunit_test_start ();
|   ;
|   return 0;
| }
configure:13198: result: no
configure:13259: checking for an ANSI C-conforming const
configure:13326: gcc -c -g -O2 -Wall -ansi -pedantic -Wextra -Wstrict-prototypes -Wmissing-prototypes -Wwrite-strings -Wno-variadic-macros  conftest.c >&5
configure:13326: $? = 0
configure:13334: result: yes
configure:13343: checking for pid_t
configure:13343: gcc -c -g -O2 -Wall -ansi -pedantic -Wextra -Wstrict-prototypes -Wmissing-prototypes -Wwrite-strings -Wno-variadic-macros  conftest.c >&5
configure:13343: $? = 0
configure:13343: gcc -c -g -O2 -Wall -ansi -pedantic -Wextra -Wstrict-prototypes -Wmissing-prototypes -Wwrite-strings -Wno-variadic-macros  conftest.c >&5
conftest.c: In function 'main':
conftest.c:82:20: error: expected expression before ')' token
   82 | if (sizeof ((pid_t)))
      |                    ^
configure:13343: $? = 1
configure: failed program was:
| /* confdefs.h */
| #define PACKAGE_NAME "Check"
| #define PACKAGE_TARNAME "check"
| #define PACKAGE_VERSION "0.9.8"
| #define PACKAGE_STRING "Check 0.9.8"
| #define PACKAGE_BUGREPORT "check-devel at lists dot sourceforge dot net"
| #define PACKAGE_URL ""
| #define HAVE_STDIO_H 1
| #define HAVE_STDLIB_H 1
| #define HAVE_STRING_H 1
| #define HAVE_INTTYPES_H 1
| #define HAVE_STDINT_H 1
| #define HAVE_STRINGS_H 1
| #define HAVE_SYS_STAT_H 1
| #define HAVE_SYS_TYPES_H 1
| #define HAVE_UNISTD_H 1
| #define HAVE_WCHAR_H 1
| #define HAVE_SYS_TIME_H 1
| #define STDC_HEADERS 1
| #define _ALL_SOURCE 1
| #define _DARWIN_C_SOURCE 1
| #define _GNU_SOURCE 1
| #define _HPUX_ALT_XOPEN_SOCKET_API 1
| #define _NETBSD_SOURCE 1
| #define _OPENBSD_SOURCE 1
| #define _POSIX_PTHREAD_SEMANTICS 1
| #define __STDC_WANT_IEC_60559_ATTRIBS_EXT__ 1
| #define __STDC_WANT_IEC_60559_BFP_EXT__ 1
| #define __STDC_WANT_IEC_60559_DFP_EXT__ 1
| #define __STDC_WANT_IEC_60559_FUNCS_EXT__ 1
| #define __STDC_WANT_IEC_60559_TYPES_EXT__ 1
| #define __STDC_WANT_LIB_EXT2__ 1
| #define __STDC_WANT_MATH_SPEC_FUNCS__ 1
| #define _TANDEM_SOURCE 1
| #define __EXTENSIONS__ 1
| #define PACKAGE "check"
| #define VERSION "0.9.8"
| #define HAVE_DLFCN_H 1
| #define LT_OBJDIR ".libs/"
| #define HAVE_SYS_WAIT_H 1
| #define HAVE_FCNTL_H 1
| #define HAVE_STDDEF_H 1
| #define HAVE_STDINT_H 1
| #define HAVE_STDLIB_H 1
| #define HAVE_STRING_H 1
| #define HAVE_SYS_TIME_H 1
| #define HAVE_UNISTD_H 1
| #define ENABLE_SUBUNIT 0
| /* end confdefs.h.  */
| #include <stddef.h>
| #ifdef HAVE_STDIO_H
| # include <stdio.h>
| #endif
| #ifdef HAVE_STDLIB_H
| # include <stdlib.h>
| #endif
| #ifdef HAVE_STRING_H
| # include <string.h>
| #endif
| #ifdef HAVE_INTTYPES_H
| # include <inttypes.h>
| #endif
| #ifdef HAVE_STDINT_H
| # include <stdint.h>
| #endif
| #ifdef HAVE_STRINGS_H
| # include <strings.h>
| #endif
| #ifdef HAVE_SYS_TYPES_H
| # include <sys/types.h>
| #endif
| #ifdef HAVE_SYS_STAT_H
| # include <sys/stat.h>
| #endif
| #ifdef HAVE_UNISTD_H
| # include <unistd.h>
| #endif
| 
| int
| main (void)
| {
| if (sizeof ((pid_t)))
| 	    return 0;
|   ;
|   return 0;
| }
configure:13343: result: yes
configure:13379: checking for size_t
configure:13379: gcc -c -g -O2 -Wall -ansi -pedantic -Wextra -Wstrict-prototypes -Wmissing-prototypes -Wwrite-strings -Wno-variadic-macros  conftest.c >&5
configure:13379: $? = 0
configure:13379: gcc -c -g -O2 -Wall -ansi -pedantic -Wextra -Wstrict-prototypes -Wmissing-prototypes -Wwrite-strings -Wno-variadic-macros  conftest.c >&5
conftest.c: In function 'main':
conftest.c:81:21: error: expected expression before ')' token
   81 | if (sizeof ((size_t)))
      |                     ^
configure:13379: $? = 1
configure: failed program was:
| /* confdefs.h */
| #define PACKAGE_NAME "Check"
| #define PACKAGE_TARNAME "check"
| #define PACKAGE_VERSION "0.9.8"
| #define PACKAGE_STRING "Check 0.9.8"
| #define PACKAGE_BUGREPORT "check-devel at lists dot sourceforge dot net"
| #define PACKAGE_URL ""
| #define HAVE_STDIO_H 1
| #define HAVE_STDLIB_H 1
| #define HAVE_STRING_H 1
| #define HAVE_INTTYPES_H 1
| #define HAVE_STDINT_H 1
| #define HAVE_STRINGS_H 1
| #define HAVE_SYS_STAT_H 1
| #define HAVE_SYS_TYPES_H 1
| #define HAVE_UNISTD_H 1
| #define HAVE_WCHAR_H 1
| #define HAVE_SYS_TIME_H 1
| #define STDC_HEADERS 1
| #define _ALL_SOURCE 1
| #define _DARWIN_C_SOURCE 1
| #define _GNU_SOURCE 1
| #define _HPUX_ALT_XOPEN_SOCKET_API 1
| #define _NETBSD_SOURCE 1
| #define _OPENBSD_SOURCE 1
| #define _POSIX_PTHREAD_SEMANTICS 1
| #define __STDC_WANT_IEC_60559_ATTRIBS_EXT__ 1
| #define __STDC_WANT_IEC_60559_BFP_EXT__ 1
| #define __STDC_WANT_IEC_60559_DFP_EXT__ 1
| #define __STDC_WANT_IEC_60559_FUNCS_EXT__ 1
| #define __STDC_WANT_IEC_60559_TYPES_EXT__ 1
| #define __STDC_WANT_LIB_EXT2__ 1
| #define __STDC_WANT_MATH_SPEC_FUNCS__ 1
| #define _TANDEM_SOURCE 1
| #define __EXTENSIONS__ 1
| #define PACKAGE "check"
| #define VERSION "0.9.8"
| #define HAVE_DLFCN_H 1
| #define LT_OBJDIR ".libs/"
| #define HAVE_SYS_WAIT_H 1
| #define HAVE_FCNTL_H 1
| #define HAVE_STDDEF_H 1
| #define HAVE_STDINT_H 1
| #define HAVE_STDLIB_H 1
| #define HAVE_STRING_H 1
| #define HAVE_SYS_TIME_H 1
| #define HAVE_UNISTD_H 1
| #define ENABLE_SUBUNIT 0
| /* end confdefs.h.  */
| #include <stddef.h>
| #ifdef HAVE_STDIO_H
| # include <stdio.h>
| #endif
| #ifdef HAVE_STDLIB_H
| # include <stdlib.h>
| #endif
| #ifdef HAVE_STRING_H
| # include <string.h>
| #endif
| #ifdef HAVE_INTTYPES_H
| # include <inttypes.h>
| #endif
| #ifdef HAVE_STDINT_H
| # include <stdint.h>
| #endif
| #ifdef HAVE_STRINGS_H
| # include <strings.h>
| #endif
| #ifdef HAVE_SYS_TYPES_H
| # include <sys/types.h>
| #endif
| #ifdef HAVE_SYS_STAT_H
| # include <sys/stat.h>
| #endif
| #ifdef HAVE_UNISTD_H
| # include <unistd.h>
| #endif
| int
| main (void)
| {
| if (sizeof ((size_t)))
| 	    return 0;
|   ;
|   return 0;
| }
configure:13379: result: yes
configure:13399: checking whether struct tm is in sys/time.h or time.h
configure:13420: gcc -c -g -O2 -Wall -ansi -pedantic -Wextra -Wstrict-prototypes -Wmissing-prototypes -Wwrite-strings -Wno-variadic-macros  conftest.c >&5
configure:13420: $? = 0
configure:13428: result: time.h
configure:13441: checking size of int
configure:13447: gcc -o conftest -g -O2 -Wall -ansi -pedantic -Wextra -Wstrict-prototypes -Wmissing-prototypes -Wwrite-strings -Wno-variadic-macros   conftest.c  >&5
configure:13447: $? = 0
configure:13447: ./conftest
configure:13447: $? = 0
configure:13462: result: 4
configure:13474: checking size of short
configure:13480: gcc -o conftest -g -O2 -Wall -ansi -pedantic -Wextra -Wstrict-prototypes -Wmissing-prototypes -Wwrite-strings -Wno-variadic-macros   conftest.c  >&5
configure:13480: $? = 0
configure:13480: ./conftest
configure:13480: $? = 0
configure:13495: result: 2
configure:13507: checking size of long
configure:13513: gcc -o conftest -g -O2 -Wall -ansi -pedantic -Wextra -Wstrict-prototypes -Wmissing-prototypes -Wwrite-strings -Wno-variadic-macros   conftest.c  >&5
configure:13513: $? = 0
configure:13513: ./conftest
configure:13513: $? = 0
configure:13528: result: 8
configure:13538: checking for GNU libc compatible malloc
configure:13570: gcc -o conftest -g -O2 -Wall -ansi -pedantic -Wextra -Wstrict-prototypes -Wmissing-prototypes -Wwrite-strings -Wno-variadic-macros   conftest.c  >&5
configure:13570: $? = 0
configure:13570: ./conftest
configure:13570: $? = 0
configure:13581: result: yes
configure:13603: checking for GNU libc compatible realloc
configure:13635: gcc -o conftest -g -O2 -Wall -ansi -pedantic -Wextra -Wstrict-prototypes -Wmissing-prototypes -Wwrite-strings -Wno-variadic-macros   conftest.c  >&5
configure:13635: $? = 0
configure:13635: ./conftest
configure:13635: $? = 0
configure:13646: result: yes
configure:13668: checking for fileno
configure:13668: gcc -o conftest -g -O2 -Wall -ansi -pedantic -Wextra -Wstrict-prototypes -Wmissing-prototypes -Wwrite-strings -Wno-variadic-macros   conftest.c  >&5
conftest.c:72:1: warning: function declaration isn't a prototype [-Wstrict-prototypes]
   72 | char fileno ();
      | ^~~~
configure:13668: $? = 0
configure:13668: result: yes
configure:13681: checking for localtime_r
configure:13681: gcc -o conftest -g -O2 -Wall -ansi -pedantic -Wextra -Wstrict-prototypes -Wmissing-prototypes -Wwrite-strings -Wno-variadic-macros   conftest.c  >&5
conftest.c:73:1: warning: function declaration isn't a prototype [-Wstrict-prototypes]
   73 | char localtime_r ();
      | ^~~~
configure:13681: $? = 0
configure:13681: result: yes
configure:13694: checking for pipe
configure:13694: gcc -o conftest -g -O2 -Wall -ansi -pedantic -Wextra -Wstrict-prototypes -Wmissing-prototypes -Wwrite-strings -Wno-variadic-macros   conftest.c  >&5
conftest.c:74:1: warning: function declaration isn't a prototype [-Wstrict-prototypes]
   74 | char pipe ();
      | ^~~~
configure:13694: $? = 0
configure:13694: result: yes
configure:13707: checking for putenv
configure:13707: gcc -o conftest -g -O2 -Wall -ansi -pedantic -Wextra -Wstrict-prototypes -Wmissing-prototypes -Wwrite-strings -Wno-variadic-macros   conftest.c  >&5
conftest.c:75:1: warning: function declaration isn't a prototype [-Wstrict-prototypes]
   75 | char putenv ();
      | ^~~~
configure:13707: $? = 0
configure:13707: result: yes
configure:13720: checking for setenv
configure:13720: gcc -o conftest -g -O2 -Wall -ansi -pedantic -Wextra -Wstrict-prototypes -Wmissing-prototypes -Wwrite-strings -Wno-variadic-macros   conftest.c  >&5
conftest.c:76:1: warning: function declaration isn't a prototype [-Wstrict-prototypes]
   76 | char setenv ();
      | ^~~~
configure:13720: $? = 0
configure:13720: result: yes
configure:13733: checking for sleep
configure:13733: gcc -o conftest -g -O2 -Wall -ansi -pedantic -Wextra -Wstrict-prototypes -Wmissing-prototypes -Wwrite-strings -Wno-variadic-macros   conftest.c  >&5
conftest.c:77:1: warning: function declaration isn't a prototype [-Wstrict-prototypes]
   77 | char sleep ();
      | ^~~~
configure:13733: $? = 0
configure:13733: result: yes
configure:13746: checking for strdup
configure:13746: gcc -o conftest -g -O2 -Wall -ansi -pedantic -Wextra -Wstrict-prototypes -Wmissing-prototypes -Wwrite-strings -Wno-variadic-macros   conftest.c  >&5
conftest.c:78:1: warning: function declaration isn't a prototype [-Wstrict-prototypes]
   78 | char strdup ();
      | ^~~~
configure:13746: $? = 0
configure:13746: result: yes
configure:13759: checking for strsignal
configure:13759: gcc -o conftest -g -O2 -Wall -ansi -pedantic -Wextra -Wstrict-prototypes -Wmissing-prototypes -Wwrite-strings -Wno-variadic-macros   conftest.c  >&5
conftest.c:79:1: warning: function declaration isn't a prototype [-Wstrict-prototypes]
   79 | char strsignal ();
      | ^~~~
configure:13759: $? = 0
configure:13759: result: yes
configure:13772: checking for unsetenv
configure:13772: gcc -o conftest -g -O2 -Wall -ansi -pedantic -Wextra -Wstrict-prototypes -Wmissing-prototypes -Wwrite-strings -Wno-variadic-macros   conftest.c  >&5
conftest.c:80:1: warning: function declaration isn't a prototype [-Wstrict-prototypes]
   80 | char unsetenv ();
      | ^~~~
configure:13772: $? = 0
configure:13772: result: yes
configure:13786: checking for gcc options needed to detect all undeclared functions
configure:13808: gcc -c -g -O2 -Wall -ansi -pedantic -Wextra -Wstrict-prototypes -Wmissing-prototypes -Wwrite-strings -Wno-variadic-macros   conftest.c >&5
conftest.c: In function 'main':
conftest.c:69:8: error: 'strchr' undeclared (first use in this function)
   69 | (void) strchr;
      |        ^~~~~~
conftest.c:1:1: note: 'strchr' is defined in header '<string.h>'; did you forget to '#include <string.h>'?
    1 | /* confdefs.h */
conftest.c:69:8: note: each undeclared identifier is reported only once for each function it appears in
   69 | (void) strchr;
      |        ^~~~~~
configure:13808: $? = 1
configure: failed program was:
| /* confdefs.h */
| #define PACKAGE_NAME "Check"
| #define PACKAGE_TARNAME "check"
| #define PACKAGE_VERSION "0.9.8"
| #define PACKAGE_STRING "Check 0.9.8"
| #define PACKAGE_BUGREPORT "check-devel at lists dot sourceforge dot net"
| #define PACKAGE_URL ""
| #define HAVE_STDIO_H 1
| #define HAVE_STDLIB_H 1
| #define HAVE_STRING_H 1
| #define HAVE_INTTYPES_H 1
| #define HAVE_STDINT_H 1
| #define HAVE_STRINGS_H 1
| #define HAVE_SYS_STAT_H 1
| #define HAVE_SYS_TYPES_H 1
| #define HAVE_UNISTD_H 1
| #define HAVE_WCHAR_H 1
| #define HAVE_SYS_TIME_H 1
| #define STDC_HEADERS 1
| #define _ALL_SOURCE 1
| #define _DARWIN_C_SOURCE 1
| #define _GNU_SOURCE 1
| #define _HPUX_ALT_XOPEN_SOCKET_API 1
| #define _NETBSD_SOURCE 1
| #define _OPENBSD_SOURCE 1
| #define _POSIX_PTHREAD_SEMANTICS 1
| #define __STDC_WANT_IEC_60559_ATTRIBS_EXT__ 1
| #define __STDC_WANT_IEC_60559_BFP_EXT__ 1
| #define __STDC_WANT_IEC_60559_DFP_EXT__ 1
| #define __STDC_WANT_IEC_60559_FUNCS_EXT__ 1
| #define __STDC_WANT_IEC_60559_TYPES_EXT__ 1
| #define __STDC_WANT_LIB_EXT2__ 1
| #define __STDC_WANT_MATH_SPEC_FUNCS__ 1
| #define _TANDEM_SOURCE 1
| #define __EXTENSIONS__ 1
| #define PACKAGE "check"
| #define VERSION "0.9.8"
| #define HAVE_DLFCN_H 1
| #define LT_OBJDIR ".libs/"
| #define HAVE_SYS_WAIT_H 1
| #define HAVE_FCNTL_H 1
| #define HAVE_STDDEF_H 1
| #define HAVE_STDINT_H 1
| #define HAVE_STDLIB_H 1
| #define HAVE_STRING_H 1
| #define HAVE_SYS_TIME_H 1
| #define HAVE_UNISTD_H 1
| #define ENABLE_SUBUNIT 0
| #define TIME_WITH_SYS_TIME 1
| #define SIZEOF_INT 4
| #define SIZEOF_SHORT 2
| #define SIZEOF_LONG 8
| #define HAVE_MALLOC 1
| #define HAVE_REALLOC 1
| #define HAVE_FILENO 1
| #define HAVE_LOCALTIME_R 1
| #define HAVE_PIPE 1
| #define HAVE_PUTENV 1
| #define HAVE_SETENV 1
| #define HAVE_SLEEP 1
| #define HAVE_STRDUP 1
| #define HAVE_STRSIGNAL 1
| #define HAVE_UNSETENV 1
| /* end confdefs.h.  */
| 
| int
| main (void)
| {
| (void) strchr;
|   ;
|   return 0;
| }
configure:13835: gcc -c -g -O2 -Wall -ansi -pedantic -Wextra -Wstrict-prototypes -Wmissing-prototypes -Wwrite-strings -Wno-variadic-macros   conftest.c >&5
configure:13835: $? = 0
configure:13852: result: none needed
configure:13866: checking whether fileno is declared
configure:13866: gcc -c -g -O2 -Wall -ansi -pedantic -Wextra -Wstrict-prototypes -Wmissing-prototypes -Wwrite-strings -Wno-variadic-macros   conftest.c >&5
configure:13866: $? = 0
configure:13866: result: yes
configure:13874: checking whether localtime_r is declared
configure:13874: gcc -c -g -O2 -Wall -ansi -pedantic -Wextra -Wstrict-prototypes -Wmissing-prototypes -Wwrite-strings -Wno-variadic-macros   conftest.c >&5
conftest.c: In function 'main':
conftest.c:101:10: error: 'localtime_r' undeclared (first use in this function); did you mean 'locale_t'?
  101 |   (void) localtime_r;
      |          ^~~~~~~~~~~
      |          locale_t
conftest.c:101:10: note: each undeclared identifier is reported only once for each function it appears in
configure:13874: $? = 1
configure: failed program was:
| /* confdefs.h */
| #define PACKAGE_NAME "Check"
| #define PACKAGE_TARNAME "check"
| #define PACKAGE_VERSION "0.9.8"
| #define PACKAGE_STRING "Check 0.9.8"
| #define PACKAGE_BUGREPORT "check-devel at lists dot sourceforge dot net"
| #define PACKAGE_URL ""
| #define HAVE_STDIO_H 1
| #define HAVE_STDLIB_H 1
| #define HAVE_STRING_H 1
| #define HAVE_INTTYPES_H 1
| #define HAVE_STDINT_H 1
| #define HAVE_STRINGS_H 1
| #define HAVE_SYS_STAT_H 1
| #define HAVE_SYS_TYPES_H 1
| #define HAVE_UNISTD_H 1
| #define HAVE_WCHAR_H 1
| #define HAVE_SYS_TIME_H 1
| #define STDC_HEADERS 1
| #define _ALL_SOURCE 1
| #define _DARWIN_C_SOURCE 1
| #define _GNU_SOURCE 1
| #define _HPUX_ALT_XOPEN_SOCKET_API 1
| #define _NETBSD_SOURCE 1
| #define _OPENBSD_SOURCE 1
| #define _POSIX_PTHREAD_SEMANTICS 1
| #define __STDC_WANT_IEC_60559_ATTRIBS_EXT__ 1
| #define __STDC_WANT_IEC_60559_BFP_EXT__ 1
| #define __STDC_WANT_IEC_60559_DFP_EXT__ 1
| #define __STDC_WANT_IEC_60559_FUNCS_EXT__ 1
| #define __STDC_WANT_IEC_60559_TYPES_EXT__ 1
| #define __STDC_WANT_LIB_EXT2__ 1
| #define __STDC_WANT_MATH_SPEC_FUNCS__ 1
| #define _TANDEM_SOURCE 1
| #define __EXTENSIONS__ 1
| #define PACKAGE "check"
| #define VERSION "0.9.8"
| #define HAVE_DLFCN_H 1
| #define LT_OBJDIR ".libs/"
| #define HAVE_SYS_WAIT_H 1
| #define HAVE_FCNTL_H 1
| #define HAVE_STDDEF_H 1
| #define HAVE_STDINT_H 1
| #define HAVE_STDLIB_H 1
| #define HAVE_STRING_H 1
| #define HAVE_SYS_TIME_H 1
| #define HAVE_UNISTD_H 1
| #define ENABLE_SUBUNIT 0
| #define TIME_WITH_SYS_TIME 1
| #define SIZEOF_INT 4
| #define SIZEOF_SHORT 2
| #define SIZEOF_LONG 8
| #define HAVE_MALLOC 1
| #define HAVE_REALLOC 1
| #define HAVE_FILENO 1
| #define HAVE_LOCALTIME_R 1
| #define HAVE_PIPE 1
| #define HAVE_PUTENV 1
| #define HAVE_SETENV 1
| #define HAVE_SLEEP 1
| #define HAVE_STRDUP 1
| #define HAVE_STRSIGNAL 1
| #define HAVE_UNSETENV 1
| #define HAVE_DECL_FILENO 1
| /* end confdefs.h.  */
| #include <stddef.h>
| #ifdef HAVE_STDIO_H
| # include <stdio.h>
| #endif
| #ifdef HAVE_STDLIB_H
| # include <stdlib.h>
| #endif
| #ifdef HAVE_STRING_H
| # include <string.h>
| #endif
| #ifdef HAVE_INTTYPES_H
| # include <inttypes.h>
| #endif
| #ifdef HAVE_STDINT_H
| # include <stdint.h>
| #endif
| #ifdef HAVE_STRINGS_H
| # include <strings.h>
| #endif
| #ifdef HAVE_SYS_TYPES_H
| # include <sys/types.h>
| #endif
| #ifdef HAVE_SYS_STAT_H
| # include <sys/stat.h>
| #endif
| #ifdef HAVE_UNISTD_H
| # include <unistd.h>
| #endif
| int
| main (void)
| {
| #ifndef localtime_r
| #ifdef __cplusplus
|   (void) localtime_r;
| #else
|   (void) localtime_r;
| #endif
| #endif
| 
|   ;
|   return 0;
| }
configure:13874: result: no
configure:13882: checking whether pipe is declared
configure:13882: gcc -c -g -O2 -Wall -ansi -pedantic -Wextra -Wstrict-prototypes -Wmissing-prototypes -Wwrite-strings -Wno-variadic-macros   conftest.c >&5
configure:13882: $? = 0
configure:13882: result: yes
configure:13890: checking whether putenv is declared
configure:13890: gcc -c -g -O2 -Wall -ansi -pedantic -Wextra -Wstrict-prototypes -Wmissing-prototypes -Wwrite-strings -Wno-variadic-macros   conftest.c >&5
configure:13890: $? = 0
configure:13890: result: yes
configure:13898: checking whether setenv is declared
configure:13898: gcc -c -g -O2 -Wall -ansi -pedantic -Wextra -Wstrict-prototypes -Wmissing-prototypes -Wwrite-strings -Wno-variadic-macros   conftest.c >&5
configure:13898: $? = 0
configure:13898: result: yes
configure:13906: checking whether sleep is declared
configure:13906: gcc -c -g -O2 -Wall -ansi -pedantic -Wextra -Wstrict-prototypes -Wmissing-prototypes -Wwrite-strings -Wno-variadic-macros   conftest.c >&5
configure:13906: $? = 0
configure:13906: result: yes
configure:13914: checking whether strdup is declared
configure:13914: gcc -c -g -O2 -Wall -ansi -pedantic -Wextra -Wstrict-prototypes -Wmissing-prototypes -Wwrite-strings -Wno-variadic-macros   conftest.c >&5
configure:13914: $? = 0
configure:13914: result: yes
configure:13922: checking whether strsignal is declared
configure:13922: gcc -c -g -O2 -Wall -ansi -pedantic -Wextra -Wstrict-prototypes -Wmissing-prototypes -Wwrite-strings -Wno-variadic-macros   conftest.c >&5
configure:13922: $? = 0
configure:13922: result: yes
configure:13930: checking whether unsetenv is declared
configure:13930: gcc -c -g -O2 -Wall -ansi -pedantic -Wextra -Wstrict-prototypes -Wmissing-prototypes -Wwrite-strings -Wno-variadic-macros   conftest.c >&5
configure:13930: $? = 0
configure:13930: result: yes
configure:14109: checking for the pthreads library -lpthreads
configure:14142: gcc -o conftest -g -O2 -Wall -ansi -pedantic -Wextra -Wstrict-prototypes -Wmissing-prototypes -Wwrite-strings -Wno-variadic-macros    conftest.c -lpthreads  >&5
conftest.c: In function 'main':
conftest.c:79:22: warning: null argument where non-null required (argument 1) [-Wnonnull]
   79 |                      pthread_attr_init(0); pthread_cleanup_push(0, 0);
      |                      ^~~~~~~~~~~~~~~~~
conftest.c:80:22: warning: null argument where non-null required (argument 1) [-Wnonnull]
   80 |                      pthread_create(0,0,0,0); pthread_cleanup_pop(0);
      |                      ^~~~~~~~~~~~~~
conftest.c:80:22: warning: null argument where non-null required (argument 3) [-Wnonnull]
conftest.c:78:15: warning: 'th' is used uninitialized in this function [-Wuninitialized]
   78 | pthread_t th; pthread_join(th, 0);
      |               ^~~~~~~~~~~~~~~~~~~
/usr/bin/ld: cannot find -lpthreads: No such file or directory
collect2: error: ld returned 1 exit status
configure:14142: $? = 1
configure: failed program was:
| /* confdefs.h */
| #define PACKAGE_NAME "Check"
| #define PACKAGE_TARNAME "check"
| #define PACKAGE_VERSION "0.9.8"
| #define PACKAGE_STRING "Check 0.9.8"
| #define PACKAGE_BUGREPORT "check-devel at lists dot sourceforge dot net"
| #define PACKAGE_URL ""
| #define HAVE_STDIO_H 1
| #define HAVE_STDLIB_H 1
| #define HAVE_STRING_H 1
| #define HAVE_INTTYPES_H 1
| #define HAVE_STDINT_H 1
| #define HAVE_STRINGS_H 1
| #define HAVE_SYS_STAT_H 1
| #define HAVE_SYS_TYPES_H 1
| #define HAVE_UNISTD_H 1
| #define HAVE_WCHAR_H 1
| #define HAVE_SYS_TIME_H 1
| #define STDC_HEADERS 1
| #define _ALL_SOURCE 1
| #define _DARWIN_C_SOURCE 1
| #define _GNU_SOURCE 1
| #define _HPUX_ALT_XOPEN_SOCKET_API 1
| #define _NETBSD_SOURCE 1
| #define _OPENBSD_SOURCE 1
| #define _POSIX_PTHREAD_SEMANTICS 1
| #define __STDC_WANT_IEC_60559_ATTRIBS_EXT__ 1
| #define __STDC_WANT_IEC_60559_BFP_EXT__ 1
| #define __STDC_WANT_IEC_60559_DFP_EXT__ 1
| #define __STDC_WANT_IEC_60559_FUNCS_EXT__ 1
| #define __STDC_WANT_IEC_60559_TYPES_EXT__ 1
| #define __STDC_WANT_LIB_EXT2__ 1
| #define __STDC_WANT_MATH_SPEC_FUNCS__ 1
| #define _TANDEM_SOURCE 1
| #define __EXTENSIONS__ 1
| #define PACKAGE "check"
| #define VERSION "0.9.8"
| #define HAVE_DLFCN_H 1
| #define LT_OBJDIR ".libs/"
| #define HAVE_SYS_WAIT_H 1
| #define HAVE_FCNTL_H 1
| #define HAVE_STDDEF_H 1
| #define HAVE_STDINT_H 1
| #define HAVE_STDLIB_H 1
| #define HAVE_STRING_H 1
| #define HAVE_SYS_TIME_H 1
| #define HAVE_UNISTD_H 1
| #define ENABLE_SUBUNIT 0
| #define TIME_WITH_SYS_TIME 1
| #define SIZEOF_INT 4
| #define SIZEOF_SHORT 2
| #define SIZEOF_LONG 8
| #define HAVE_MALLOC 1
| #define HAVE_REALLOC 1
| #define HAVE_FILENO 1
| #define HAVE_LOCALTIME_R 1
| #define HAVE_PIPE 1
| #define HAVE_PUTENV 1
| #define HAVE_SETENV 1
| #define HAVE_SLEEP 1
| #define HAVE_STRDUP 1
| #define HAVE_STRSIGNAL 1
| #define HAVE_UNSETENV 1
| #define HAVE_DECL_FILENO 1
| #define HAVE_DECL_LOCALTIME_R 0
| #define HAVE_DECL_PIPE 1
| #define HAVE_DECL_PUTENV 1
| #define HAVE_DECL_SETENV 1
| #define HAVE_DECL_SLEEP 1
| #define HAVE_DECL_STRDUP 1
| #define HAVE_DECL_STRSIGNAL 1
| #define HAVE_DECL_UNSETENV 1
| /* end confdefs.h.  */
| #include <pthread.h>
| int
| main (void)
| {
| pthread_t th; pthread_join(th, 0);
|                      pthread_attr_init(0); pthread_cleanup_push(0, 0);
|                      pthread_create(0,0,0,0); pthread_cleanup_pop(0);
|   ;
|   return 0;
| }
configure:14152: result: no
configure:14049: checking whether pthreads work without any flags
configure:14142: gcc -o conftest -g -O2 -Wall -ansi -pedantic -Wextra -Wstrict-prototypes -Wmissing-prototypes -Wwrite-strings -Wno-variadic-macros    conftest.c   >&5
conftest.c: In function 'main':
conftest.c:79:22: warning: null argument where non-null required (argument 1) [-Wnonnull]
   79 |                      pthread_attr_init(0); pthread_cleanup_push(0, 0);
      |                      ^~~~~~~~~~~~~~~~~
conftest.c:80:22: warning: null argument where non-null required (argument 1) [-Wnonnull]
   80 |                      pthread_create(0,0,0,0); pthread_cleanup_pop(0);
      |                      ^~~~~~~~~~~~~~
conftest.c:80:22: warning: null argument where non-null required (argument 3) [-Wnonnull]
conftest.c:78:15: warning: 'th' is used uninitialized in this function [-Wuninitialized]
   78 | pthread_t th; pthread_join(th, 0);
      |               ^~~~~~~~~~~~~~~~~~~
configure:14142: $? = 0
configure:14152: result: yes
configure:14171: checking for joinable pthread attribute
configure:14186: gcc -o conftest -g -O2 -Wall -ansi -pedantic -Wextra -Wstrict-prototypes -Wmissing-prototypes -Wwrite-strings -Wno-variadic-macros    conftest.c   >&5
configure:14186: $? = 0
configure:14193: result: PTHREAD_CREATE_JOINABLE
configure:14201: checking if more special flags are required for pthreads
configure:14208: result: no
configure:14430: creating ./config.status

## ---------------- ##
## Cache variables. ##
## ---------------- ##

ac_cv_build=x86_64-unknown-linux-gnu
ac_cv_c_compiler_gnu=yes
ac_cv_c_const=yes
ac_cv_c_undeclared_builtin_options='none needed'
ac_cv_cflags_warn_all_ansi='-Wall -ansi -pedantic'
ac_cv_env_CC_set=
ac_cv_env_CC_value=
ac_cv_env_CFLAGS_set=
ac_cv_env_CFLAGS_value=
ac_cv_env_CPPFLAGS_set=
ac_cv_env_CPPFLAGS_value=
ac_cv_env_LDFLAGS_set=
ac_cv_env_LDFLAGS_value=
ac_cv_env_LIBS_set=
ac_cv_env_LIBS_value=
ac_cv_env_build_alias_set=
ac_cv_env_build_alias_value=
ac_cv_env_host_alias_set=
ac_cv_env_host_alias_value=
ac_cv_env_target_alias_set=
ac_cv_env_target_alias_value=
ac_cv_func_fileno=yes
ac_cv_func_localtime_r=yes
ac_cv_func_malloc_0_nonnull=yes
ac_cv_func_pipe=yes
ac_cv_func_putenv=yes
ac_cv_func_realloc_0_nonnull=yes
ac_cv_func_setenv=yes
ac_cv_func_sleep=yes
ac_cv_func_strdup=yes
ac_cv_func_strsignal=yes
ac_cv_func_unsetenv=yes
ac_cv_have_decl_fileno=yes
ac_cv_have_decl_localtime_r=no
ac_cv_have_decl_pipe=yes
ac_cv_have_decl_putenv=yes
ac_cv_have_decl_setenv=yes
ac_cv_have_decl_sleep=yes
ac_cv_have_decl_strdup=yes
ac_cv_have_decl_strsignal=yes
ac_cv_have_decl_unsetenv=yes
ac_cv_header_dlfcn_h=yes
ac_cv_header_fcntl_h=yes
ac_cv_header_inttypes_h=yes
ac_cv_header_minix_config_h=no
ac_cv_header_stddef_h=yes
ac_cv_header_stdint_h=yes
ac_cv_header_stdio_h=yes
ac_cv_header_stdlib_h=yes
ac_cv_header_string_h=yes
ac_cv_header_strings_h=yes
ac_cv_header_sys_stat_h=yes
ac_cv_header_sys_time_h=yes
ac_cv_header_sys_types_h=yes
ac_cv_header_sys_wait_h=yes
ac_cv_header_unistd_h=yes
ac_cv_header_wchar_h=yes
ac_cv_host=x86_64-unknown-linux-gnu
ac_cv_lib_subunit_subunit_test_start=no
ac_cv_objext=o
ac_cv_path_EGREP='/usr/bin/grep -E'
ac_cv_path_FGREP='/usr/bin/grep -F'
ac_cv_path_GREP=/usr/bin/grep
ac_cv_path_SED=/usr/bin/sed
ac_cv_path_install='/usr/bin/install -c'
ac_cv_path_mkdir=/usr/bin/mkdir
ac_cv_prog_AWK=gawk
ac_cv_prog_GCOV=gcov
ac_cv_prog_ac_ct_AR=ar
ac_cv_prog_ac_ct_CC=gcc
ac_cv_prog_ac_ct_OBJDUMP=objdump
ac_cv_prog_ac_ct_RANLIB=ranlib
ac_cv_prog_ac_ct_STRIP=strip
ac_cv_prog_cc_c11=
ac_cv_prog_cc_g=yes
ac_cv_prog_cc_gcc_c_o=yes
ac_cv_prog_cc_stdc=
ac_cv_prog_make_make_set=yes
ac_cv_safe_to_define___extensions__=yes
ac_cv_should_define__xopen_source=no
ac_cv_sizeof_int=4
ac_cv_sizeof_long=8
ac_cv_sizeof_short=2
ac_cv_struct_tm=time.h
ac_cv_type_pid_t=yes
ac_cv_type_size_t=yes
am_cv_CC_dependencies_compiler_type=gcc3
ax_cv_c_check_flag__Wextra=yes
ax_cv_c_check_flag__Wmissing_prototypes=yes
ax_cv_c_check_flag__Wno_variadic_macros=yes
ax_cv_c_check_flag__Wstrict_prototypes=yes
ax_cv_c_check_flag__Wwrite_strings=yes
lt_cv_deplibs_check_method=pass_all
lt_cv_file_magic_cmd='$MAGIC_CMD'
lt_cv_file_magic_test_file=
lt_cv_ld_reload_flag=-r
lt_cv_nm_interface='BSD nm'
lt_cv_objdir=.libs
lt_cv_path_LD=/usr/bin/ld
lt_cv_path_NM='/usr/bin/nm -B'
lt_cv_prog_compiler_c_o=yes
lt_cv_prog_compiler_pic_works=yes
lt_cv_prog_compiler_rtti_exceptions=no
lt_cv_prog_compiler_static_works=yes
lt_cv_prog_gnu_ld=yes
lt_cv_sys_global_symbol_pipe='sed -n -e '\''s/^.*[	 ]\([ABCDGIRSTW][ABCDGIRSTW]*\)[	 ][	 ]*\([_A-Za-z][_A-Za-z0-9]*\)$/\1 \2 \2/p'\'''
lt_cv_sys_global_symbol_to_c_name_address='sed -n -e '\''s/^: \([^ ]*\) $/  {\"\1\", (void *) 0},/p'\'' -e '\''s/^[ABCDGIRSTW]* \([^ ]*\) \([^ ]*\)$/  {"\2", (void *) \&\2},/p'\'''
lt_cv_sys_global_symbol_to_c_name_address_lib_prefix='sed -n -e '\''s/^: \([^ ]*\) $/  {\"\1\", (void *) 0},/p'\'' -e '\''s/^[ABCDGIRSTW]* \([^ ]*\) \(lib[^ ]*\)$/  {"\2", (void *) \&\2},/p'\'' -e '\''s/^[ABCDGIRSTW]* \([^ ]*\) \([^ ]*\)$/  {"lib\2", (void *) \&\2},/p'\'''
lt_cv_sys_global_symbol_to_cdecl='sed -n -e '\''s/^T .* \(.*\)$/extern int \1();/p'\'' -e '\''s/^[ABCDGIRSTW]* .* \(.*\)$/extern char \1;/p'\'''
lt_cv_sys_max_cmd_len=1572864

## ----------------- ##
## Output variables. ##
## ----------------- ##

ACLOCAL='${SHELL} /home/lyuze/workspace/myfork/libart/deps/check-0.9.8/build-aux/missing --run aclocal-1.10'
AMDEPBACKSLASH='\'
AMDEP_FALSE='#'
AMDEP_TRUE=''
AMTAR='${SHELL} /home/lyuze/workspace/myfork/libart/deps/check-0.9.8/build-aux/missing --run tar'
AR='ar'
AUTOCONF='${SHELL} /home/lyuze/workspace/myfork/libart/deps/check-0.9.8/build-aux/missing --run autoconf'
AUTOHEADER='${SHELL} /home/lyuze/workspace/myfork/libart/deps/check-0.9.8/build-aux/missing --run autoheader'
AUTOMAKE='${SHELL} /home/lyuze/workspace/myfork/libart/deps/check-0.9.8/build-aux/missing --run automake-1.10'
AWK='gawk'
CC='gcc'
CCDEPMODE='depmode=gcc3'
CFLAGS='-g -O2 -Wall -ansi -pedantic -Wextra -Wstrict-prototypes -Wmissing-prototypes -Wwrite-strings -Wno-variadic-macros'
CHECK_MAJOR_VERSION='0'
CHECK_MICRO_VERSION='8'
CHECK_MINOR_VERSION='9'
CHECK_VERSION='0.9.8'
CPPFLAGS=''
CYGPATH_W='echo'
DEFS='-DHAVE_CONFIG_H'
DEPDIR='.deps'
DSYMUTIL=''
DUMPBIN=''
ECHO_C=''
ECHO_N='-n'
ECHO_T=''
EGREP='/usr/bin/grep -E'
ENABLE_GCOV_FALSE=''
ENABLE_GCOV_TRUE='#'
ENABLE_SUBUNIT='0'
EXEEXT=''
FGREP='/usr/bin/grep -F'
GCOV='gcov'
GCOV_CFLAGS=''
GCOV_LIBS=''
GENHTML='false'
GREP='/usr/bin/grep'
INSTALL_DATA='${INSTALL} -m 644'
INSTALL_PROGRAM='${INSTALL}'
INSTALL_SCRIPT='${INSTALL}'
INSTALL_STRIP_PROGRAM='$(install_sh) -c -s'
LCOV='false'
LD='/usr/bin/ld -m elf_x86_64'
LDFLAGS=''
LIBOBJS=''
LIBS=''
LIBTOOL='$(SHELL) $(top_builddir)/libtool'
LIPO=''
LN_S='ln -s'
LTLIBOBJS=''
MAKEINFO='${SHELL} /home/lyuze/workspace/myfork/libart/deps/check-0.9.8/build-aux/missing --run makeinfo'
MKDIR_P='/usr/bin/mkdir -p'
NM='/usr/bin/nm -B'
NMEDIT=''
NO_TIMEOUT_TESTS_FALSE=''
NO_TIMEOUT_TESTS_TRUE='#'
OBJDUMP='objdump'
OBJEXT='o'
OTOOL64=''
OTOOL=''
PACKAGE='check'
PACKAGE_BUGREPORT='check-devel at lists dot sourceforge dot net'
PACKAGE_NAME='Check'
PACKAGE_STRING='Check 0.9.8'
PACKAGE_TARNAME='check'
PACKAGE_URL=''
PACKAGE_VERSION='0.9.8'
PATH_SEPARATOR=':'
PTHREAD_CC='gcc'
PTHREAD_CFLAGS=''
PTHREAD_LIBS=''
RANLIB='ranlib'
SED='/usr/bin/sed'
SET_MAKE=''
SHELL='/bin/bash'
STRIP='strip'
SUBUNIT_FALSE=''
SUBUNIT_TRUE='#'
TEX='false'
VERSION='0.9.8'
ac_ct_CC='gcc'
ac_ct_DUMPBIN=''
acx_pthread_config=''
am__fastdepCC_FALSE='#'
am__fastdepCC_TRUE=''
am__include='include'
am__isrc=''
am__leading_dot='.'
am__quote=''
am__tar='${AMTAR} chof - "$$tardir"'
am__untar='${AMTAR} xf -'
bindir='${exec_prefix}/bin'
build='x86_64-unknown-linux-gnu'
build_alias=''
build_cpu='x86_64'
build_os='linux-gnu'
build_vendor='unknown'
datadir='${datarootdir}'
datarootdir='${prefix}/share'
docdir='${datarootdir}/doc/${PACKAGE_TARNAME}'
dvidir='${docdir}'
exec_prefix='${prefix}'
host='x86_64-unknown-linux-gnu'
host_alias=''
host_cpu='x86_64'
host_os='linux-gnu'
host_vendor='unknown'
htmldir='${docdir}'
includedir='${prefix}/include'
infodir='${datarootdir}/info'
install_sh='$(SHELL) /home/lyuze/workspace/myfork/libart/deps/check-0.9.8/build-aux/install-sh'
libdir='${exec_prefix}/lib'
libexecdir='${exec_prefix}/libexec'
localedir='${datarootdir}/locale'
localstatedir='${prefix}/var'
lt_ECHO='echo'
mandir='${datarootdir}/man'
mkdir_p='/usr/bin/mkdir -p'
oldincludedir='/usr/include'
pdfdir='${docdir}'
prefix='/usr/local'
program_transform_name='s,x,x,'
psdir='${docdir}'
runstatedir='${localstatedir}/run'
sbindir='${exec_prefix}/sbin'
sharedstatedir='${prefix}/com'
sysconfdir='${prefix}/etc'
target_alias=''

## ----------- ##
## confdefs.h. ##
## ----------- ##

/* confdefs.h */
#define PACKAGE_NAME "Check"
#define PACKAGE_TARNAME "check"
#define PACKAGE_VERSION "0.9.8"
#define PACKAGE_STRING "Check 0.9.8"
#define PACKAGE_BUGREPORT "check-devel at lists dot sourceforge dot net"
#define PACKAGE_URL ""
#define HAVE_STDIO_H 1
#define HAVE_STDLIB_H 1
#define HAVE_STRING_H 1
#define HAVE_INTTYPES_H 1
#define HAVE_STDINT_H 1
#define HAVE_STRINGS_H 1
#define HAVE_SYS_STAT_H 1
#define HAVE_SYS_TYPES_H 1
#define HAVE_UNISTD_H 1
#define HAVE_WCHAR_H 1
#define HAVE_SYS_TIME_H 1
#define STDC_HEADERS 1
#define _ALL_SOURCE 1
#define _DARWIN_C_SOURCE 1
#define _GNU_SOURCE 1
#define _HPUX_ALT_XOPEN_SOCKET_API 1
#define _NETBSD_SOURCE 1
#define _OPENBSD_SOURCE 1
#define _POSIX_PTHREAD_SEMANTICS 1
#define __STDC_WANT_IEC_60559_ATTRIBS_EXT__ 1
#define __STDC_WANT_IEC_60559_BFP_EXT__ 1
#define __STDC_WANT_IEC_60559_DFP_EXT__ 1
#define __STDC_WANT_IEC_60559_FUNCS_EXT__ 1
#define __STDC_WANT_IEC_60559_TYPES_EXT__ 1
#define __STDC_WANT_LIB_EXT2__ 1
#define __STDC_WANT_MATH_SPEC_FUNCS__ 1
#define _TANDEM_SOURCE 1
#define __EXTENSIONS__ 1
#define PACKAGE "check"
#define VERSION "0.9.8"
#define HAVE_DLFCN_H 1
#define LT_OBJDIR ".libs/"
#define HAVE_SYS_WAIT_H 1
#define HAVE_FCNTL_H 1
#define HAVE_STDDEF_H 1
#define HAVE_STDINT_H 1
#define HAVE_STDLIB_H 1
#define HAVE_STRING_H 1
#define HAVE_SYS_TIME_H 1
#define HAVE_UNISTD_H 1
#define ENABLE_SUBUNIT 0
#define TIME_WITH_SYS_TIME 1
#define SIZEOF_INT 4
#define SIZEOF_SHORT 2
#define SIZEOF_LONG 8
#define HAVE_MALLOC 1
#define HAVE_REALLOC 1
#define HAVE_FILENO 1
#define HAVE_LOCALTIME_R 1
#define HAVE_PIPE 1
#define HAVE_PUTENV 1
#define HAVE_SETENV 1
#define HAVE_SLEEP 1
#define HAVE_STRDUP 1
#define HAVE_STRSIGNAL 1
#define HAVE_UNSETENV 1
#define HAVE_DECL_FILENO 1
#define HAVE_DECL_LOCALTIME_R 0
#define HAVE_DECL_PIPE 1
#define HAVE_DECL_PUTENV 1
#define HAVE_DECL_SETENV 1
#define HAVE_DECL_SLEEP 1
#define HAVE_DECL_STRDUP 1
#define HAVE_DECL_STRSIGNAL 1
#define HAVE_DECL_UNSETENV 1
#define HAVE_PTHREAD 1

configure: exit 0

## ---------------------- ##
## Running config.status. ##
## ---------------------- ##

This file was extended by Check config.status 0.9.8, which was
generated by GNU Autoconf 2.71.  Invocation command line was

  CONFIG_FILES    = 
  CONFIG_HEADERS  = 
  CONFIG_LINKS    = 
  CONFIG_COMMANDS = 
  $ ./config.status 

on wanda1

config.status:1130: creating check.pc
config.status:1130: creating Makefile
config.status:1130: creating doc/Makefile
config.status:1130: creating lib/Makefile
config.status:1130: creating src/check.h
config.status:1130: creating src/Makefile
config.status:1130: creating tests/Makefile
config.status:1130: creating tests/test_vars
config.status:1130: creating config.h
config.status:1359: executing depfiles commands
config.status:1359: executing libtool commands

## ---------------------- ##
## Running config.status. ##
## ---------------------- ##

This file was extended by Check config.status 0.9.8, which was
generated by GNU Autoconf 2.71.  Invocation command line was

  CONFIG_FILES    = 
  CONFIG_HEADERS  = 
  CONFIG_LINKS    = 
  CONFIG_COMMANDS = 
  $ ./config.status config.h

on wanda1

config.status:1130: creating config.h
